item team_redobelisk has modelindex 0item team_blueobelisk has modelindex 0item team_neutralobelisk has modelindex 0item item_botroam has modelindex 0entity worldspawn unknown item
entity target_position unknown item
entity info_player_intermission unknown item
entity target_speaker unknown item
entity misc_model unknown item
entity trigger_teleport unknown item
entity trigger_teleport unknown item
entity trigger_teleport unknown item
entity trigger_push unknown item
entity light unknown item
entity trigger_push unknown item
entity target_position unknown item
entity info_player_intermission unknown item
entity target_remove_powerups unknown item
entity trigger_multiple unknown item
entity trigger_multiple unknown item
entity target_speaker unknown item
entity target_speaker unknown item
entity info_player_deathmatch unknown item
entity info_player_deathmatch unknown item
entity info_player_deathmatch unknown item
entity info_player_deathmatch unknown item
item item_armor_combat reachable from jumppad area 677
item item_health_mega reachable from jumppad area 2236
entity misc_teleporter_dest unknown item
entity trigger_hurt unknown item
entity target_position unknown item
entity target_position unknown item
item item_armor_shard reachable from jumppad area 1871
item item_armor_shard reachable from jumppad area 1871
item item_armor_shard reachable from jumppad area 677
item item_armor_shard reachable from jumppad area 677
item item_armor_shard reachable from jumppad area 677
item item_armor_shard reachable from jumppad area 677
entity light unknown item
entity light unknown item
entity light unknown item
entity light unknown item
entity light unknown item
entity light unknown item
entity light unknown item
entity light unknown item
entity info_player_deathmatch unknown item
entity info_player_deathmatch unknown item
entity info_player_deathmatch unknown item
entity target_speaker unknown item
entity target_speaker unknown item
entity target_speaker unknown item
entity target_speaker unknown item
entity target_speaker unknown item
entity target_speaker unknown item
entity light unknown item
entity misc_model unknown item
entity misc_model unknown item
entity trigger_push unknown item
entity trigger_push unknown item
entity trigger_push unknown item
entity target_position unknown item
entity target_position unknown item
entity target_position unknown item
entity target_position unknown item
entity target_position unknown item
entity light unknown item
entity trigger_push unknown item
entity target_position unknown item
entity light unknown item
entity light unknown item
entity light unknown item
entity light unknown item
entity light unknown item
entity light unknown item
entity misc_model unknown item
entity info_player_deathmatch unknown item
entity misc_model unknown item
entity light unknown item
entity info_player_deathmatch unknown item
entity misc_model unknown item
entity misc_model unknown item
entity light unknown item
entity trigger_push unknown item
entity target_position unknown item
entity light unknown item
entity light unknown item
entity trigger_push unknown item
entity trigger_push unknown item
entity trigger_push unknown item
entity trigger_push unknown item
entity trigger_push unknown item
entity target_position unknown item
entity target_position unknown item
entity target_position unknown item
entity target_position unknown item
entity target_speaker unknown item
entity light unknown item
entity light unknown item
entity light unknown item
entity light unknown item
entity light unknown item
entity light unknown item
entity light unknown item
entity light unknown item
entity light unknown item
entity light unknown item
entity light unknown item
entity light unknown item
entity light unknown item
entity light unknown item
entity target_speaker unknown item
entity target_speaker unknown item
entity target_speaker unknown item
entity target_speaker unknown item
entity target_speaker unknown item
entity trigger_push unknown item
entity misc_model unknown item
entity misc_model unknown item
entity light unknown item
entity info_player_deathmatch unknown item
entity info_player_deathmatch unknown item
entity misc_model unknown item
entity light unknown item
entity misc_model unknown item
entity target_position unknown item
entity light unknown item
entity light unknown item
entity light unknown item
entity light unknown item
entity misc_model unknown item
entity target_position unknown item
entity light unknown item
entity light unknown item
entity light unknown item
entity light unknown item
item info 7 "weapon_gauntlet" has no fuzzy weight
item info 16 "weapon_grapplinghook" has no fuzzy weight
item info 49 "team_redobelisk" has no fuzzy weight
item info 50 "team_blueobelisk" has no fuzzy weight
item info 51 "team_neutralobelisk" has no fuzzy weight
